<?xml version="1.0" encoding="UTF-8"?>
<!-- Generated by org.testng.reporters.JUnitXMLReporter -->
<testsuite hostname="LAPTOP-SF99IFHK" ignored="0" name="ValidateTitleTest" tests="1" failures="1" timestamp="02 Jun 2020 06:05:48 GMT" time="18.175" errors="0">
  <testcase name="assertTitle" time="0.098" classname="com.selenium.testcases.validateTitle">
    <failure type="java.lang.AssertionError" message="expected [Cart (empty123)] but found [Cart (empty)]">
      <![CDATA[java.lang.AssertionError: expected [Cart (empty123)] but found [Cart (empty)]
at com.selenium.testcases.validateTitle.assertTitle(validateTitle.java:30)
at java.util.concurrent.FutureTask.run(FutureTask.java:266)
at java.util.concurrent.ThreadPoolExecutor.runWorker(ThreadPoolExecutor.java:1149)
at java.util.concurrent.ThreadPoolExecutor$Worker.run(ThreadPoolExecutor.java:624)
at java.lang.Thread.run(Thread.java:748)
... Removed 22 stack frames]]>
    </failure>
  </testcase> <!-- assertTitle -->
</testsuite> <!-- ValidateTitleTest -->
