<?xml version="1.0" encoding="UTF-8"?>
<testng-results skipped="0" failed="1" ignored="0" total="6" passed="5">
  <reporter-output>
  </reporter-output>
  <suite name="Suite" duration-ms="25867" started-at="2020-06-02T06:05:30Z" finished-at="2020-06-02T06:05:56Z">
    <groups>
    </groups>
    <test name="SelectByItemTest" duration-ms="16119" started-at="2020-06-02T06:05:30Z" finished-at="2020-06-02T06:05:46Z">
      <class name="com.selenium.testcases.SelectByItems">
        <test-method status="PASS" signature="setUp()[pri:0, instance:com.selenium.testcases.SelectByItems@2accdbb5]" name="setUp" is-config="true" duration-ms="15965" started-at="2020-06-02T06:05:30Z" finished-at="2020-06-02T06:05:46Z">
          <reporter-output>
          </reporter-output>
        </test-method> <!-- setUp -->
        <test-method status="PASS" signature="getItemNavigation()[pri:0, instance:com.selenium.testcases.SelectByItems@2accdbb5]" name="getItemNavigation" duration-ms="70" started-at="2020-06-02T06:05:46Z" finished-at="2020-06-02T06:05:46Z">
          <reporter-output>
          </reporter-output>
        </test-method> <!-- getItemNavigation -->
        <test-method status="PASS" signature="tearDown()[pri:0, instance:com.selenium.testcases.SelectByItems@2accdbb5]" name="tearDown" is-config="true" duration-ms="72" started-at="2020-06-02T06:05:46Z" finished-at="2020-06-02T06:05:46Z">
          <reporter-output>
          </reporter-output>
        </test-method> <!-- tearDown -->
      </class> <!-- com.selenium.testcases.SelectByItems -->
    </test> <!-- SelectByItemTest -->
    <test name="ValidateTitleTest" duration-ms="18175" started-at="2020-06-02T06:05:30Z" finished-at="2020-06-02T06:05:48Z">
      <class name="com.selenium.testcases.validateTitle">
        <test-method status="PASS" signature="setUp()[pri:0, instance:com.selenium.testcases.validateTitle@649bec2e]" name="setUp" is-config="true" duration-ms="16958" started-at="2020-06-02T06:05:30Z" finished-at="2020-06-02T06:05:47Z">
          <reporter-output>
          </reporter-output>
        </test-method> <!-- setUp -->
        <test-method status="FAIL" signature="assertTitle()[pri:0, instance:com.selenium.testcases.validateTitle@649bec2e]" name="assertTitle" duration-ms="98" started-at="2020-06-02T06:05:47Z" finished-at="2020-06-02T06:05:47Z">
          <exception class="java.lang.AssertionError">
            <message>
              <![CDATA[expected [Cart (empty123)] but found [Cart (empty)]]]>
            </message>
            <full-stacktrace>
              <![CDATA[java.lang.AssertionError: expected [Cart (empty123)] but found [Cart (empty)]
at org.testng.Assert.fail(Assert.java:96)
at org.testng.Assert.failNotEquals(Assert.java:776)
at org.testng.Assert.assertEqualsImpl(Assert.java:137)
at org.testng.Assert.assertEquals(Assert.java:118)
at org.testng.Assert.assertEquals(Assert.java:453)
at org.testng.Assert.assertEquals(Assert.java:463)
at com.selenium.testcases.validateTitle.assertTitle(validateTitle.java:30)
at sun.reflect.NativeMethodAccessorImpl.invoke0(Native Method)
at sun.reflect.NativeMethodAccessorImpl.invoke(NativeMethodAccessorImpl.java:62)
at sun.reflect.DelegatingMethodAccessorImpl.invoke(DelegatingMethodAccessorImpl.java:43)
at java.lang.reflect.Method.invoke(Method.java:498)
at org.testng.internal.MethodInvocationHelper.invokeMethod(MethodInvocationHelper.java:124)
at org.testng.internal.Invoker.invokeMethod(Invoker.java:583)
at org.testng.internal.Invoker.invokeTestMethod(Invoker.java:719)
at org.testng.internal.Invoker.invokeTestMethods(Invoker.java:989)
at org.testng.internal.TestMethodWorker.invokeTestMethods(TestMethodWorker.java:125)
at org.testng.internal.TestMethodWorker.run(TestMethodWorker.java:109)
at org.testng.TestRunner.privateRun(TestRunner.java:648)
at org.testng.TestRunner.run(TestRunner.java:505)
at org.testng.SuiteRunner.runTest(SuiteRunner.java:455)
at org.testng.SuiteRunner.access$000(SuiteRunner.java:40)
at org.testng.SuiteRunner$SuiteWorker.run(SuiteRunner.java:489)
at org.testng.internal.thread.ThreadUtil$1.call(ThreadUtil.java:52)
at java.util.concurrent.FutureTask.run(FutureTask.java:266)
at java.util.concurrent.ThreadPoolExecutor.runWorker(ThreadPoolExecutor.java:1149)
at java.util.concurrent.ThreadPoolExecutor$Worker.run(ThreadPoolExecutor.java:624)
at java.lang.Thread.run(Thread.java:748)
]]>
            </full-stacktrace>
          </exception> <!-- java.lang.AssertionError -->
          <reporter-output>
          </reporter-output>
        </test-method> <!-- assertTitle -->
        <test-method status="PASS" signature="tearDown()[pri:0, instance:com.selenium.testcases.validateTitle@649bec2e]" name="tearDown" is-config="true" duration-ms="63" started-at="2020-06-02T06:05:48Z" finished-at="2020-06-02T06:05:48Z">
          <reporter-output>
          </reporter-output>
        </test-method> <!-- tearDown -->
      </class> <!-- com.selenium.testcases.validateTitle -->
    </test> <!-- ValidateTitleTest -->
    <test name="LoginTest" duration-ms="23050" started-at="2020-06-02T06:05:30Z" finished-at="2020-06-02T06:05:53Z">
      <class name="com.selenium.testcases.LoginTest">
        <test-method status="PASS" signature="setUp()[pri:0, instance:com.selenium.testcases.LoginTest@3d1cfad4]" name="setUp" is-config="true" duration-ms="15687" started-at="2020-06-02T06:05:30Z" finished-at="2020-06-02T06:05:46Z">
          <reporter-output>
          </reporter-output>
        </test-method> <!-- setUp -->
        <test-method status="PASS" signature="loginDetails(java.lang.String, java.lang.String)[pri:0, instance:com.selenium.testcases.LoginTest@3d1cfad4]" name="loginDetails" duration-ms="3628" started-at="2020-06-02T06:05:46Z" data-provider="multipleUsers" finished-at="2020-06-02T06:05:49Z">
          <params>
            <param index="0">
              <value>
                <![CDATA[singh.asha85@gmail.com]]>
              </value>
            </param>
            <param index="1">
              <value>
                <![CDATA[Passwd@1234]]>
              </value>
            </param>
          </params>
          <reporter-output>
          </reporter-output>
        </test-method> <!-- loginDetails -->
        <test-method status="PASS" signature="loginDetails(java.lang.String, java.lang.String)[pri:0, instance:com.selenium.testcases.LoginTest@3d1cfad4]" name="loginDetails" duration-ms="3595" started-at="2020-06-02T06:05:49Z" data-provider="multipleUsers" finished-at="2020-06-02T06:05:53Z">
          <params>
            <param index="0">
              <value>
                <![CDATA[test.test@gmail.com]]>
              </value>
            </param>
            <param index="1">
              <value>
                <![CDATA[test123]]>
              </value>
            </param>
          </params>
          <reporter-output>
          </reporter-output>
        </test-method> <!-- loginDetails -->
        <test-method status="PASS" signature="tearDown()[pri:0, instance:com.selenium.testcases.LoginTest@3d1cfad4]" name="tearDown" is-config="true" duration-ms="107" started-at="2020-06-02T06:05:53Z" finished-at="2020-06-02T06:05:53Z">
          <reporter-output>
          </reporter-output>
        </test-method> <!-- tearDown -->
      </class> <!-- com.selenium.testcases.LoginTest -->
    </test> <!-- LoginTest -->
    <test name="HomePageTest" duration-ms="25860" started-at="2020-06-02T06:05:30Z" finished-at="2020-06-02T06:05:56Z">
      <class name="com.selenium.testcases.HomePageTest">
        <test-method status="PASS" signature="launchURL()[pri:0, instance:com.selenium.testcases.HomePageTest@1b6e1eff]" name="launchURL" is-config="true" duration-ms="16384" started-at="2020-06-02T06:05:30Z" finished-at="2020-06-02T06:05:46Z">
          <reporter-output>
          </reporter-output>
        </test-method> <!-- launchURL -->
        <test-method status="PASS" signature="correctPasswordTest()[pri:1, instance:com.selenium.testcases.HomePageTest@1b6e1eff]" name="correctPasswordTest" duration-ms="4547" started-at="2020-06-02T06:05:46Z" finished-at="2020-06-02T06:05:51Z">
          <reporter-output>
          </reporter-output>
        </test-method> <!-- correctPasswordTest -->
        <test-method status="PASS" signature="forgotPasswordTest()[pri:2, instance:com.selenium.testcases.HomePageTest@1b6e1eff]" name="forgotPasswordTest" duration-ms="4271" started-at="2020-06-02T06:05:51Z" finished-at="2020-06-02T06:05:55Z">
          <reporter-output>
          </reporter-output>
        </test-method> <!-- forgotPasswordTest -->
        <test-method status="PASS" signature="closeBrowser()[pri:0, instance:com.selenium.testcases.HomePageTest@1b6e1eff]" name="closeBrowser" is-config="true" duration-ms="652" started-at="2020-06-02T06:05:55Z" finished-at="2020-06-02T06:05:56Z">
          <reporter-output>
          </reporter-output>
        </test-method> <!-- closeBrowser -->
      </class> <!-- com.selenium.testcases.HomePageTest -->
    </test> <!-- HomePageTest -->
  </suite> <!-- Suite -->
</testng-results>
